planewar_android/build-WarOfAircraft_key14-Android-Debug/android-build/build/intermediates/manifest_merge_blame_file/debug/manifest-merger-blame-debug-report.txt
1<?xml version="1.0" encoding="utf-8"?>
2<manifest xmlns:android="http://schemas.android.com/apk/res/android"
3    package="org.qtproject.example"
4    android:installLocation="auto"
5    android:versionCode="1"
6    android:versionName="1.0" >
7
8    <uses-sdk
8-->build-WarOfAircraft_key14-Android-Debug\android-build\AndroidManifest.xml:3:5-73
9        android:minSdkVersion="21"
9-->build-WarOfAircraft_key14-Android-Debug\android-build\AndroidManifest.xml:3:15-41
10        android:targetSdkVersion="28" />
10-->build-WarOfAircraft_key14-Android-Debug\android-build\AndroidManifest.xml:3:42-71
11
12    <!--
13         The following comment will be replaced upon deployment with default permissions based on the dependencies of the application.
14         Remove the comment if you do not require these default permissions.
15    -->
16    <uses-permission android:name="android.permission.INTERNET" />
16-->build-WarOfAircraft_key14-Android-Debug\android-build\AndroidManifest.xml:7:5-67
16-->build-WarOfAircraft_key14-Android-Debug\android-build\AndroidManifest.xml:7:22-64
17    <uses-permission android:name="android.permission.WRITE_EXTERNAL_STORAGE" />
17-->build-WarOfAircraft_key14-Android-Debug\android-build\AndroidManifest.xml:8:5-81
17-->build-WarOfAircraft_key14-Android-Debug\android-build\AndroidManifest.xml:8:22-78
18    <uses-permission android:name="android.permission.ACCESS_NETWORK_STATE" />
18-->build-WarOfAircraft_key14-Android-Debug\android-build\AndroidManifest.xml:9:5-79
18-->build-WarOfAircraft_key14-Android-Debug\android-build\AndroidManifest.xml:9:22-76
19    <uses-permission android:name="android.permission.CAMERA" />
19-->build-WarOfAircraft_key14-Android-Debug\android-build\AndroidManifest.xml:10:5-65
19-->build-WarOfAircraft_key14-Android-Debug\android-build\AndroidManifest.xml:10:22-62
20    <uses-permission android:name="android.permission.RECORD_AUDIO" />
20-->build-WarOfAircraft_key14-Android-Debug\android-build\AndroidManifest.xml:11:5-71
20-->build-WarOfAircraft_key14-Android-Debug\android-build\AndroidManifest.xml:11:22-68
21
22    <!--
23         The following comment will be replaced upon deployment with default features based on the dependencies of the application.
24         Remove the comment if you do not require these default features.
25    -->
26    <uses-feature
26-->build-WarOfAircraft_key14-Android-Debug\android-build\AndroidManifest.xml:15:5-85
27        android:name="android.hardware.camera"
27-->build-WarOfAircraft_key14-Android-Debug\android-build\AndroidManifest.xml:15:19-57
28        android:required="false" />
28-->build-WarOfAircraft_key14-Android-Debug\android-build\AndroidManifest.xml:15:58-82
29    <uses-feature
29-->build-WarOfAircraft_key14-Android-Debug\android-build\AndroidManifest.xml:16:5-95
30        android:name="android.hardware.camera.autofocus"
30-->build-WarOfAircraft_key14-Android-Debug\android-build\AndroidManifest.xml:16:19-67
31        android:required="false" />
31-->build-WarOfAircraft_key14-Android-Debug\android-build\AndroidManifest.xml:16:68-92
32    <uses-feature
32-->build-WarOfAircraft_key14-Android-Debug\android-build\AndroidManifest.xml:17:5-89
33        android:name="android.hardware.microphone"
33-->build-WarOfAircraft_key14-Android-Debug\android-build\AndroidManifest.xml:17:19-61
34        android:required="false" />
34-->build-WarOfAircraft_key14-Android-Debug\android-build\AndroidManifest.xml:17:62-86
35
36    <supports-screens
36-->build-WarOfAircraft_key14-Android-Debug\android-build\AndroidManifest.xml:19:5-135
37        android:anyDensity="true"
37-->build-WarOfAircraft_key14-Android-Debug\android-build\AndroidManifest.xml:19:80-105
38        android:largeScreens="true"
38-->build-WarOfAircraft_key14-Android-Debug\android-build\AndroidManifest.xml:19:23-50
39        android:normalScreens="true"
39-->build-WarOfAircraft_key14-Android-Debug\android-build\AndroidManifest.xml:19:51-79
40        android:smallScreens="true" />
40-->build-WarOfAircraft_key14-Android-Debug\android-build\AndroidManifest.xml:19:106-133
41
42    <application
42-->build-WarOfAircraft_key14-Android-Debug\android-build\AndroidManifest.xml:21:5-91:19
43        android:name="org.qtproject.qt5.android.bindings.QtApplication"
43-->build-WarOfAircraft_key14-Android-Debug\android-build\AndroidManifest.xml:21:53-116
44        android:debuggable="true"
45        android:extractNativeLibs="true"
45-->build-WarOfAircraft_key14-Android-Debug\android-build\AndroidManifest.xml:21:147-179
46        android:hardwareAccelerated="true"
46-->build-WarOfAircraft_key14-Android-Debug\android-build\AndroidManifest.xml:21:18-52
47        android:icon="@drawable/icon"
47-->build-WarOfAircraft_key14-Android-Debug\android-build\AndroidManifest.xml:21:180-209
48        android:label="WarOfAircraft" >
48-->build-WarOfAircraft_key14-Android-Debug\android-build\AndroidManifest.xml:21:117-146
49        <activity
49-->build-WarOfAircraft_key14-Android-Debug\android-build\AndroidManifest.xml:22:9-87:16
50            android:name="org.qtproject.qt5.android.bindings.QtActivity"
50-->build-WarOfAircraft_key14-Android-Debug\android-build\AndroidManifest.xml:22:189-249
51            android:configChanges="orientation|uiMode|screenLayout|screenSize|smallestScreenSize|layoutDirection|locale|fontScale|keyboard|keyboardHidden|navigation|mcc|mnc|density"
51-->build-WarOfAircraft_key14-Android-Debug\android-build\AndroidManifest.xml:22:19-188
52            android:label="PW test"
52-->build-WarOfAircraft_key14-Android-Debug\android-build\AndroidManifest.xml:22:250-273
53            android:launchMode="singleTop"
53-->build-WarOfAircraft_key14-Android-Debug\android-build\AndroidManifest.xml:22:314-344
54            android:screenOrientation="unspecified" >
54-->build-WarOfAircraft_key14-Android-Debug\android-build\AndroidManifest.xml:22:274-313
55            <intent-filter>
55-->build-WarOfAircraft_key14-Android-Debug\android-build\AndroidManifest.xml:23:13-26:29
56                <action android:name="android.intent.action.MAIN" />
56-->build-WarOfAircraft_key14-Android-Debug\android-build\AndroidManifest.xml:24:17-68
56-->build-WarOfAircraft_key14-Android-Debug\android-build\AndroidManifest.xml:24:25-66
57
58                <category android:name="android.intent.category.LAUNCHER" />
58-->build-WarOfAircraft_key14-Android-Debug\android-build\AndroidManifest.xml:25:17-76
58-->build-WarOfAircraft_key14-Android-Debug\android-build\AndroidManifest.xml:25:27-74
59            </intent-filter>
60
61            <!-- Application arguments -->
62            <!-- meta-data android:name="android.app.arguments" android:value="arg1 arg2 arg3"/ -->
63            <!-- Application arguments -->
64
65            <meta-data
65-->build-WarOfAircraft_key14-Android-Debug\android-build\AndroidManifest.xml:32:13-91
66                android:name="android.app.lib_name"
66-->build-WarOfAircraft_key14-Android-Debug\android-build\AndroidManifest.xml:32:24-59
67                android:value="WarOfAircraft" />
67-->build-WarOfAircraft_key14-Android-Debug\android-build\AndroidManifest.xml:32:60-89
68            <meta-data
68-->build-WarOfAircraft_key14-Android-Debug\android-build\AndroidManifest.xml:33:13-112
69                android:name="android.app.qt_sources_resource_id"
69-->build-WarOfAircraft_key14-Android-Debug\android-build\AndroidManifest.xml:33:24-73
70                android:resource="@array/qt_sources" />
70-->build-WarOfAircraft_key14-Android-Debug\android-build\AndroidManifest.xml:33:74-110
71            <meta-data
71-->build-WarOfAircraft_key14-Android-Debug\android-build\AndroidManifest.xml:34:13-87
72                android:name="android.app.repository"
72-->build-WarOfAircraft_key14-Android-Debug\android-build\AndroidManifest.xml:34:24-61
73                android:value="default" />
73-->build-WarOfAircraft_key14-Android-Debug\android-build\AndroidManifest.xml:34:62-85
74            <meta-data
74-->build-WarOfAircraft_key14-Android-Debug\android-build\AndroidManifest.xml:35:13-106
75                android:name="android.app.qt_libs_resource_id"
75-->build-WarOfAircraft_key14-Android-Debug\android-build\AndroidManifest.xml:35:24-70
76                android:resource="@array/qt_libs" />
76-->build-WarOfAircraft_key14-Android-Debug\android-build\AndroidManifest.xml:35:71-104
77            <meta-data
77-->build-WarOfAircraft_key14-Android-Debug\android-build\AndroidManifest.xml:36:13-116
78                android:name="android.app.bundled_libs_resource_id"
78-->build-WarOfAircraft_key14-Android-Debug\android-build\AndroidManifest.xml:36:24-75
79                android:resource="@array/bundled_libs" />
79-->build-WarOfAircraft_key14-Android-Debug\android-build\AndroidManifest.xml:36:76-114
80            <!-- Deploy Qt libs as part of package -->
81            <meta-data
81-->build-WarOfAircraft_key14-Android-Debug\android-build\AndroidManifest.xml:38:13-91
82                android:name="android.app.bundle_local_qt_libs"
82-->build-WarOfAircraft_key14-Android-Debug\android-build\AndroidManifest.xml:38:24-71
83                android:value="1" />
83-->build-WarOfAircraft_key14-Android-Debug\android-build\AndroidManifest.xml:38:72-89
84
85            <!-- Run with local libs -->
86            <meta-data
86-->build-WarOfAircraft_key14-Android-Debug\android-build\AndroidManifest.xml:41:13-88
87                android:name="android.app.use_local_qt_libs"
87-->build-WarOfAircraft_key14-Android-Debug\android-build\AndroidManifest.xml:41:24-68
88                android:value="1" />
88-->build-WarOfAircraft_key14-Android-Debug\android-build\AndroidManifest.xml:41:69-86
89            <meta-data
89-->build-WarOfAircraft_key14-Android-Debug\android-build\AndroidManifest.xml:42:13-100
90                android:name="android.app.libs_prefix"
90-->build-WarOfAircraft_key14-Android-Debug\android-build\AndroidManifest.xml:42:24-62
91                android:value="/data/local/tmp/qt/" />
91-->build-WarOfAircraft_key14-Android-Debug\android-build\AndroidManifest.xml:42:63-98
92            <meta-data
92-->build-WarOfAircraft_key14-Android-Debug\android-build\AndroidManifest.xml:43:13-122
93                android:name="android.app.load_local_libs_resource_id"
93-->build-WarOfAircraft_key14-Android-Debug\android-build\AndroidManifest.xml:43:24-78
94                android:resource="@array/load_local_libs" />
94-->build-WarOfAircraft_key14-Android-Debug\android-build\AndroidManifest.xml:43:79-120
95            <meta-data
95-->build-WarOfAircraft_key14-Android-Debug\android-build\AndroidManifest.xml:44:13-171
96                android:name="android.app.load_local_jars"
96-->build-WarOfAircraft_key14-Android-Debug\android-build\AndroidManifest.xml:44:24-66
97                android:value="jar/QtAndroid.jar:jar/QtAndroidBearer.jar:jar/QtAndroidExtras.jar:jar/QtMultimedia.jar" />
97-->build-WarOfAircraft_key14-Android-Debug\android-build\AndroidManifest.xml:44:67-169
98            <meta-data
98-->build-WarOfAircraft_key14-Android-Debug\android-build\AndroidManifest.xml:45:13-143
99                android:name="android.app.static_init_classes"
99-->build-WarOfAircraft_key14-Android-Debug\android-build\AndroidManifest.xml:45:24-70
100                android:value="org.qtproject.qt5.android.multimedia.QtMultimediaUtils" />
100-->build-WarOfAircraft_key14-Android-Debug\android-build\AndroidManifest.xml:45:71-141
101            <!-- Used to specify custom system library path to run with local system libs -->
102            <!-- <meta-data android:name="android.app.system_libs_prefix" android:value="/system/lib/"/> -->
103            <!-- Messages maps -->
104            <meta-data
104-->build-WarOfAircraft_key14-Android-Debug\android-build\AndroidManifest.xml:49:13-122
105                android:name="android.app.ministro_not_found_msg"
105-->build-WarOfAircraft_key14-Android-Debug\android-build\AndroidManifest.xml:49:71-120
106                android:value="@string/ministro_not_found_msg" />
106-->build-WarOfAircraft_key14-Android-Debug\android-build\AndroidManifest.xml:49:24-70
107            <meta-data
107-->build-WarOfAircraft_key14-Android-Debug\android-build\AndroidManifest.xml:50:13-116
108                android:name="android.app.ministro_needed_msg"
108-->build-WarOfAircraft_key14-Android-Debug\android-build\AndroidManifest.xml:50:68-114
109                android:value="@string/ministro_needed_msg" />
109-->build-WarOfAircraft_key14-Android-Debug\android-build\AndroidManifest.xml:50:24-67
110            <meta-data
110-->build-WarOfAircraft_key14-Android-Debug\android-build\AndroidManifest.xml:51:13-108
111                android:name="android.app.fatal_error_msg"
111-->build-WarOfAircraft_key14-Android-Debug\android-build\AndroidManifest.xml:51:64-106
112                android:value="@string/fatal_error_msg" />
112-->build-WarOfAircraft_key14-Android-Debug\android-build\AndroidManifest.xml:51:24-63
113            <meta-data
113-->build-WarOfAircraft_key14-Android-Debug\android-build\AndroidManifest.xml:52:13-132
114                android:name="android.app.unsupported_android_version"
114-->build-WarOfAircraft_key14-Android-Debug\android-build\AndroidManifest.xml:52:76-130
115                android:value="@string/unsupported_android_version" />
115-->build-WarOfAircraft_key14-Android-Debug\android-build\AndroidManifest.xml:52:24-75
116            <!-- Messages maps -->
117
118
119            <!-- Splash screen -->
120            <!--
121                 Orientation-specific (portrait/landscape) data is checked first. If not available for current orientation,
122                 then android.app.splash_screen_drawable. For best results, use together with splash_screen_sticky and
123                 use hideSplashScreen() with a fade-out animation from Qt Android Extras to hide the splash screen when you
124                 are done populating your window with content.
125            -->
126            <!-- meta-data android:name="android.app.splash_screen_drawable_portrait" android:resource="@drawable/logo_portrait" / -->
127            <!-- meta-data android:name="android.app.splash_screen_drawable_landscape" android:resource="@drawable/logo_landscape" / -->
128            <!-- meta-data android:name="android.app.splash_screen_drawable" android:resource="@drawable/logo"/ -->
129            <!-- meta-data android:name="android.app.splash_screen_sticky" android:value="true"/ -->
130            <!-- Splash screen -->
131
132
133            <!-- Background running -->
134            <!--
135                 Warning: changing this value to true may cause unexpected crashes if the
136                          application still try to draw after
137                          "applicationStateChanged(Qt::ApplicationSuspended)"
138                          signal is sent!
139            -->
140            <meta-data
140-->build-WarOfAircraft_key14-Android-Debug\android-build\AndroidManifest.xml:71:13-93
141                android:name="android.app.background_running"
141-->build-WarOfAircraft_key14-Android-Debug\android-build\AndroidManifest.xml:71:24-69
142                android:value="false" />
142-->build-WarOfAircraft_key14-Android-Debug\android-build\AndroidManifest.xml:71:70-91
143            <!-- Background running -->
144
145
146            <!-- auto screen scale factor -->
147            <meta-data
147-->build-WarOfAircraft_key14-Android-Debug\android-build\AndroidManifest.xml:75:13-99
148                android:name="android.app.auto_screen_scale_factor"
148-->build-WarOfAircraft_key14-Android-Debug\android-build\AndroidManifest.xml:75:24-75
149                android:value="false" />
149-->build-WarOfAircraft_key14-Android-Debug\android-build\AndroidManifest.xml:75:76-97
150            <!-- auto screen scale factor -->
151
152
153            <!-- extract android style -->
154            <!--
155                 available android:values :
156                * default - In most cases this will be the same as "full", but it can also be something else if needed, e.g., for compatibility reasons
157                * full - useful QWidget & Quick Controls 1 apps
158                * minimal - useful for Quick Controls 2 apps, it is much faster than "full"
159                * none - useful for apps that don't use any of the above Qt modules
160            -->
161            <meta-data
161-->build-WarOfAircraft_key14-Android-Debug\android-build\AndroidManifest.xml:85:13-98
162                android:name="android.app.extract_android_style"
162-->build-WarOfAircraft_key14-Android-Debug\android-build\AndroidManifest.xml:85:24-72
163                android:value="default" />
163-->build-WarOfAircraft_key14-Android-Debug\android-build\AndroidManifest.xml:85:73-96
164            <!-- extract android style -->
165        </activity>
166
167        <!-- For adding service(s) please check: https://wiki.qt.io/AndroidServices -->
168
169    </application>
170
171</manifest>